[ 2019-01-07T09:02:30+08:00 ] 127.0.0.1 /favicon.ico
INFO: [ app_init ] --START--
INFO: Run Behavior\BuildLiteBehavior [ RunTime:0.000012s ]
INFO: [ app_init ] --END-- [ RunTime:0.000320s ]
ERR: 无法加载模块:Favicon

[ 2019-01-07T09:53:42+08:00 ] 127.0.0.1 /Style/Common/css/common.css
INFO: [ app_init ] --START--
INFO: Run Behavior\BuildLiteBehavior [ RunTime:0.000014s ]
INFO: [ app_init ] --END-- [ RunTime:0.000352s ]
ERR: 无法加载模块:Style

[ 2019-01-07T09:53:42+08:00 ] 127.0.0.1 /Style/H/css/video.css
INFO: [ app_init ] --START--
INFO: Run Behavior\BuildLiteBehavior [ RunTime:0.000011s ]
INFO: [ app_init ] --END-- [ RunTime:0.000271s ]
ERR: 无法加载模块:Style

[ 2019-01-07T09:53:42+08:00 ] 127.0.0.1 /Style/H/css/bootstrap.min.css
INFO: [ app_init ] --START--
INFO: Run Behavior\BuildLiteBehavior [ RunTime:0.000010s ]
INFO: [ app_init ] --END-- [ RunTime:0.000269s ]
ERR: 无法加载模块:Style

[ 2019-01-07T09:53:42+08:00 ] 127.0.0.1 /Style/Common/js/jquery-1.8.3.min.js
INFO: [ app_init ] --START--
INFO: Run Behavior\BuildLiteBehavior [ RunTime:0.000011s ]
INFO: [ app_init ] --END-- [ RunTime:0.000270s ]
ERR: 无法加载模块:Style

[ 2019-01-07T09:53:42+08:00 ] 127.0.0.1 /Style/layer/layer.js
INFO: [ app_init ] --START--
INFO: Run Behavior\BuildLiteBehavior [ RunTime:0.000011s ]
INFO: [ app_init ] --END-- [ RunTime:0.000274s ]
ERR: 无法加载模块:Style

[ 2019-01-07T09:53:42+08:00 ] 127.0.0.1 /Style/Js/utils.js
INFO: [ app_init ] --START--
INFO: Run Behavior\BuildLiteBehavior [ RunTime:0.000010s ]
INFO: [ app_init ] --END-- [ RunTime:0.000267s ]
ERR: 无法加载模块:Style

[ 2019-01-07T09:53:42+08:00 ] 127.0.0.1 /Style/H/js/dwlib.js
INFO: [ app_init ] --START--
INFO: Run Behavior\BuildLiteBehavior [ RunTime:0.000010s ]
INFO: [ app_init ] --END-- [ RunTime:0.000276s ]
ERR: 无法加载模块:Style

[ 2019-01-07T09:53:42+08:00 ] 127.0.0.1 /Style/H/js/jquery.SuperSlide.2.1.1.js
INFO: [ app_init ] --START--
INFO: Run Behavior\BuildLiteBehavior [ RunTime:0.000009s ]
INFO: [ app_init ] --END-- [ RunTime:0.000258s ]
ERR: 无法加载模块:Style

[ 2019-01-07T09:53:42+08:00 ] 127.0.0.1 /Style/H/js/jquery.kinMaxShow-1.0.min.js
INFO: [ app_init ] --START--
INFO: Run Behavior\BuildLiteBehavior [ RunTime:0.000010s ]
INFO: [ app_init ] --END-- [ RunTime:0.000265s ]
ERR: 无法加载模块:Style

[ 2019-01-07T09:53:42+08:00 ] 127.0.0.1 /Style/H/images/newindex/aboutImg.png
INFO: [ app_init ] --START--
INFO: Run Behavior\BuildLiteBehavior [ RunTime:0.000012s ]
INFO: [ app_init ] --END-- [ RunTime:0.000275s ]
ERR: 无法加载模块:Style

[ 2019-01-07T09:53:42+08:00 ] 127.0.0.1 /Style/H/images/newindex/icon1.png
INFO: [ app_init ] --START--
INFO: Run Behavior\BuildLiteBehavior [ RunTime:0.000021s ]
INFO: [ app_init ] --END-- [ RunTime:0.000327s ]
ERR: 无法加载模块:Style

[ 2019-01-07T09:53:42+08:00 ] 127.0.0.1 /Style/H/js/jquery.min.js
INFO: [ app_init ] --START--
INFO: Run Behavior\BuildLiteBehavior [ RunTime:0.000010s ]
INFO: [ app_init ] --END-- [ RunTime:0.000258s ]
ERR: 无法加载模块:Style

[ 2019-01-07T09:53:42+08:00 ] 127.0.0.1 /Style/H/js/bootstrap.min.js
INFO: [ app_init ] --START--
INFO: Run Behavior\BuildLiteBehavior [ RunTime:0.000010s ]
INFO: [ app_init ] --END-- [ RunTime:0.000277s ]
ERR: 无法加载模块:Style

[ 2019-01-07T09:53:42+08:00 ] 127.0.0.1 /Style/H/js/hm.js
INFO: [ app_init ] --START--
INFO: Run Behavior\BuildLiteBehavior [ RunTime:0.000010s ]
INFO: [ app_init ] --END-- [ RunTime:0.000262s ]
ERR: 无法加载模块:Style

[ 2019-01-07T09:53:42+08:00 ] 127.0.0.1 /Style/H/js/lib.js
INFO: [ app_init ] --START--
INFO: Run Behavior\BuildLiteBehavior [ RunTime:0.000011s ]
INFO: [ app_init ] --END-- [ RunTime:0.000270s ]
ERR: 无法加载模块:Style

[ 2019-01-07T09:53:42+08:00 ] 127.0.0.1 /Style/H/js/home.js
INFO: [ app_init ] --START--
INFO: Run Behavior\BuildLiteBehavior [ RunTime:0.000012s ]
INFO: [ app_init ] --END-- [ RunTime:0.000280s ]
ERR: 无法加载模块:Style

[ 2019-01-07T09:53:42+08:00 ] 127.0.0.1 /Style/H/js/nav.js
INFO: [ app_init ] --START--
INFO: Run Behavior\BuildLiteBehavior [ RunTime:0.000009s ]
INFO: [ app_init ] --END-- [ RunTime:0.000284s ]
ERR: 无法加载模块:Style

[ 2019-01-07T09:53:42+08:00 ] 127.0.0.1 /Style/H/js/jquery.num.js
INFO: [ app_init ] --START--
INFO: Run Behavior\BuildLiteBehavior [ RunTime:0.000012s ]
INFO: [ app_init ] --END-- [ RunTime:0.000274s ]
ERR: 无法加载模块:Style

[ 2019-01-07T09:53:42+08:00 ] 127.0.0.1 /Style/H/js/jquery.num1.js
INFO: [ app_init ] --START--
INFO: Run Behavior\BuildLiteBehavior [ RunTime:0.000009s ]
INFO: [ app_init ] --END-- [ RunTime:0.000310s ]
ERR: 无法加载模块:Style

[ 2019-01-07T09:53:42+08:00 ] 127.0.0.1 /Style/H/js/video.js
INFO: [ app_init ] --START--
INFO: Run Behavior\BuildLiteBehavior [ RunTime:0.000010s ]
INFO: [ app_init ] --END-- [ RunTime:0.000259s ]
ERR: 无法加载模块:Style

[ 2019-01-07T09:53:42+08:00 ] 127.0.0.1 /Style/H/images/newindex/icon2.png
INFO: [ app_init ] --START--
INFO: Run Behavior\BuildLiteBehavior [ RunTime:0.000011s ]
INFO: [ app_init ] --END-- [ RunTime:0.000273s ]
ERR: 无法加载模块:Style

[ 2019-01-07T09:53:42+08:00 ] 127.0.0.1 /Style/H/images/newindex/icon3.png
INFO: [ app_init ] --START--
INFO: Run Behavior\BuildLiteBehavior [ RunTime:0.000012s ]
INFO: [ app_init ] --END-- [ RunTime:0.000332s ]
ERR: 无法加载模块:Style

[ 2019-01-07T09:53:42+08:00 ] 127.0.0.1 /Style/H/images/newindex/icon4.png
INFO: [ app_init ] --START--
INFO: Run Behavior\BuildLiteBehavior [ RunTime:0.000011s ]
INFO: [ app_init ] --END-- [ RunTime:0.000268s ]
ERR: 无法加载模块:Style

[ 2019-01-07T09:53:42+08:00 ] 127.0.0.1 /Style/H/images/newindex/icon5.png
INFO: [ app_init ] --START--
INFO: Run Behavior\BuildLiteBehavior [ RunTime:0.000010s ]
INFO: [ app_init ] --END-- [ RunTime:0.000262s ]
ERR: 无法加载模块:Style

[ 2019-01-07T09:53:42+08:00 ] 127.0.0.1 /Style/H/images/newindex/WG.png
INFO: [ app_init ] --START--
INFO: Run Behavior\BuildLiteBehavior [ RunTime:0.000019s ]
INFO: [ app_init ] --END-- [ RunTime:0.000300s ]
ERR: 无法加载模块:Style

[ 2019-01-07T09:53:42+08:00 ] 127.0.0.1 /Style/H/images/newindex/XTT.png
INFO: [ app_init ] --START--
INFO: Run Behavior\BuildLiteBehavior [ RunTime:0.000010s ]
INFO: [ app_init ] --END-- [ RunTime:0.000268s ]
ERR: 无法加载模块:Style

[ 2019-01-07T09:53:42+08:00 ] 127.0.0.1 /Style/H/images/newindex/HF.png
INFO: [ app_init ] --START--
INFO: Run Behavior\BuildLiteBehavior [ RunTime:0.000011s ]
INFO: [ app_init ] --END-- [ RunTime:0.000270s ]
ERR: 无法加载模块:Style

[ 2019-01-07T09:53:42+08:00 ] 127.0.0.1 /UF/Uploads/Coicon/AI1.png
INFO: [ app_init ] --START--
INFO: Run Behavior\BuildLiteBehavior [ RunTime:0.000010s ]
INFO: [ app_init ] --END-- [ RunTime:0.000258s ]
ERR: 无法加载模块:UF

[ 2019-01-07T09:53:42+08:00 ] 127.0.0.1 /UF/Uploads/Coicon/%E6%94%BF%E7%AD%96%E6%B3%95%E8%A7%842.jpg
INFO: [ app_init ] --START--
INFO: Run Behavior\BuildLiteBehavior [ RunTime:0.000009s ]
INFO: [ app_init ] --END-- [ RunTime:0.000265s ]
ERR: 无法加载模块:UF

[ 2019-01-07T09:53:42+08:00 ] 127.0.0.1 /UF/Uploads/Coicon/2.jpg
INFO: [ app_init ] --START--
INFO: Run Behavior\BuildLiteBehavior [ RunTime:0.000010s ]
INFO: [ app_init ] --END-- [ RunTime:0.000268s ]
ERR: 无法加载模块:UF

[ 2019-01-07T09:53:42+08:00 ] 127.0.0.1 /Style/H/images/newindex/QRcode.png
INFO: [ app_init ] --START--
INFO: Run Behavior\BuildLiteBehavior [ RunTime:0.000010s ]
INFO: [ app_init ] --END-- [ RunTime:0.000252s ]
ERR: 无法加载模块:Style

[ 2019-01-07T09:53:42+08:00 ] 127.0.0.1 /Style/H/images/newindex/footer1.png
INFO: [ app_init ] --START--
INFO: Run Behavior\BuildLiteBehavior [ RunTime:0.000010s ]
INFO: [ app_init ] --END-- [ RunTime:0.000269s ]
ERR: 无法加载模块:Style

[ 2019-01-07T09:53:42+08:00 ] 127.0.0.1 /Style/H/images/newindex/footer2.png
INFO: [ app_init ] --START--
INFO: Run Behavior\BuildLiteBehavior [ RunTime:0.000010s ]
INFO: [ app_init ] --END-- [ RunTime:0.000295s ]
ERR: 无法加载模块:Style

[ 2019-01-07T09:53:42+08:00 ] 127.0.0.1 /Style/H/images/newindex/footer3.png
INFO: [ app_init ] --START--
INFO: Run Behavior\BuildLiteBehavior [ RunTime:0.000011s ]
INFO: [ app_init ] --END-- [ RunTime:0.000273s ]
ERR: 无法加载模块:Style

[ 2019-01-07T09:53:42+08:00 ] 127.0.0.1 /Style/H/images/newindex/footer4.png
INFO: [ app_init ] --START--
INFO: Run Behavior\BuildLiteBehavior [ RunTime:0.000011s ]
INFO: [ app_init ] --END-- [ RunTime:0.000269s ]
ERR: 无法加载模块:Style

[ 2019-01-07T09:53:42+08:00 ] 127.0.0.1 /Style/H/images/newindex/service.png
INFO: [ app_init ] --START--
INFO: Run Behavior\BuildLiteBehavior [ RunTime:0.000010s ]
INFO: [ app_init ] --END-- [ RunTime:0.000252s ]
ERR: 无法加载模块:Style

[ 2019-01-07T09:53:42+08:00 ] 127.0.0.1 /Style/H/images/newindex/top.png
INFO: [ app_init ] --START--
INFO: Run Behavior\BuildLiteBehavior [ RunTime:0.000010s ]
INFO: [ app_init ] --END-- [ RunTime:0.000289s ]
ERR: 无法加载模块:Style

[ 2019-01-07T09:53:42+08:00 ] 127.0.0.1 /Style/H/images/newindex/SCustomerImg.png
INFO: [ app_init ] --START--
INFO: Run Behavior\BuildLiteBehavior [ RunTime:0.000009s ]
INFO: [ app_init ] --END-- [ RunTime:0.000251s ]
ERR: 无法加载模块:Style

[ 2019-01-07T09:53:43+08:00 ] 127.0.0.1 /Style/N/css/lv.css
INFO: [ app_init ] --START--
INFO: Run Behavior\BuildLiteBehavior [ RunTime:0.000038s ]
INFO: [ app_init ] --END-- [ RunTime:0.000894s ]
ERR: 无法加载模块:Style

[ 2019-01-07T09:53:43+08:00 ] 127.0.0.1 /Style/H/css/common.css
INFO: [ app_init ] --START--
INFO: Run Behavior\BuildLiteBehavior [ RunTime:0.000015s ]
INFO: [ app_init ] --END-- [ RunTime:0.000356s ]
ERR: 无法加载模块:Style

[ 2019-01-07T09:53:43+08:00 ] 127.0.0.1 /Style/H/css/css.css
INFO: [ app_init ] --START--
INFO: Run Behavior\BuildLiteBehavior [ RunTime:0.000016s ]
INFO: [ app_init ] --END-- [ RunTime:0.000387s ]
ERR: 无法加载模块:Style

[ 2019-01-07T09:53:43+08:00 ] 127.0.0.1 /Style/H/css/newcommon.css
INFO: [ app_init ] --START--
INFO: Run Behavior\BuildLiteBehavior [ RunTime:0.000015s ]
INFO: [ app_init ] --END-- [ RunTime:0.000397s ]
ERR: 无法加载模块:Style

[ 2019-01-07T09:53:43+08:00 ] 127.0.0.1 /Style/layer/layer.js
INFO: [ app_init ] --START--
INFO: Run Behavior\BuildLiteBehavior [ RunTime:0.000010s ]
INFO: [ app_init ] --END-- [ RunTime:0.000313s ]
ERR: 无法加载模块:Style

[ 2019-01-07T09:53:43+08:00 ] 127.0.0.1 /Style/H/css/video-js.min.css
INFO: [ app_init ] --START--
INFO: Run Behavior\BuildLiteBehavior [ RunTime:0.000013s ]
INFO: [ app_init ] --END-- [ RunTime:0.000326s ]
ERR: 无法加载模块:Style

[ 2019-01-07T09:53:43+08:00 ] 127.0.0.1 /Style/Js/utils.js
INFO: [ app_init ] --START--
INFO: Run Behavior\BuildLiteBehavior [ RunTime:0.000016s ]
INFO: [ app_init ] --END-- [ RunTime:0.000339s ]
ERR: 无法加载模块:Style

[ 2019-01-07T09:53:43+08:00 ] 127.0.0.1 /Style/H/css/newcommon.css
INFO: [ app_init ] --START--
INFO: Run Behavior\BuildLiteBehavior [ RunTime:0.000010s ]
INFO: [ app_init ] --END-- [ RunTime:0.000267s ]
ERR: 无法加载模块:Style

[ 2019-01-07T09:53:43+08:00 ] 127.0.0.1 /Style/H/js/dwlib.js
INFO: [ app_init ] --START--
INFO: Run Behavior\BuildLiteBehavior [ RunTime:0.000009s ]
INFO: [ app_init ] --END-- [ RunTime:0.000265s ]
ERR: 无法加载模块:Style

[ 2019-01-07T09:53:43+08:00 ] 127.0.0.1 /Style/H/css/video-js.min.css
INFO: [ app_init ] --START--
INFO: Run Behavior\BuildLiteBehavior [ RunTime:0.000010s ]
INFO: [ app_init ] --END-- [ RunTime:0.000285s ]
ERR: 无法加载模块:Style

[ 2019-01-07T09:53:43+08:00 ] 127.0.0.1 /Style/H/css/newcommon.css
INFO: [ app_init ] --START--
INFO: Run Behavior\BuildLiteBehavior [ RunTime:0.000011s ]
INFO: [ app_init ] --END-- [ RunTime:0.000280s ]
ERR: 无法加载模块:Style

[ 2019-01-07T09:53:43+08:00 ] 127.0.0.1 /Style/H/css/video.css
INFO: [ app_init ] --START--
INFO: Run Behavior\BuildLiteBehavior [ RunTime:0.000010s ]
INFO: [ app_init ] --END-- [ RunTime:0.000255s ]
ERR: 无法加载模块:Style

[ 2019-01-07T09:53:43+08:00 ] 127.0.0.1 /Style/H/js/jquery.SuperSlide.2.1.1.js
INFO: [ app_init ] --START--
INFO: Run Behavior\BuildLiteBehavior [ RunTime:0.000010s ]
INFO: [ app_init ] --END-- [ RunTime:0.000265s ]
ERR: 无法加载模块:Style

[ 2019-01-07T09:53:43+08:00 ] 127.0.0.1 /Style/H/js/jquery.kinMaxShow-1.0.min.js
INFO: [ app_init ] --START--
INFO: Run Behavior\BuildLiteBehavior [ RunTime:0.000009s ]
INFO: [ app_init ] --END-- [ RunTime:0.000252s ]
ERR: 无法加载模块:Style

[ 2019-01-07T09:53:43+08:00 ] 127.0.0.1 /Style/H/css/bootstrap.min.css
INFO: [ app_init ] --START--
INFO: Run Behavior\BuildLiteBehavior [ RunTime:0.000015s ]
INFO: [ app_init ] --END-- [ RunTime:0.000396s ]
ERR: 无法加载模块:Style

[ 2019-01-07T09:53:43+08:00 ] 127.0.0.1 /Style/H/images/newindex/videoBg.png
INFO: [ app_init ] --START--
INFO: Run Behavior\BuildLiteBehavior [ RunTime:0.000012s ]
INFO: [ app_init ] --END-- [ RunTime:0.000278s ]
ERR: 无法加载模块:Style

[ 2019-01-07T09:53:43+08:00 ] 127.0.0.1 /Style/H/js/jquery.min.js
INFO: [ app_init ] --START--
INFO: Run Behavior\BuildLiteBehavior [ RunTime:0.000011s ]
INFO: [ app_init ] --END-- [ RunTime:0.000279s ]
ERR: 无法加载模块:Style

[ 2019-01-07T09:53:43+08:00 ] 127.0.0.1 /Style/H/js/bootstrap.min.js
INFO: [ app_init ] --START--
INFO: Run Behavior\BuildLiteBehavior [ RunTime:0.000012s ]
INFO: [ app_init ] --END-- [ RunTime:0.000338s ]
ERR: 无法加载模块:Style

[ 2019-01-07T09:53:43+08:00 ] 127.0.0.1 /Style/H/js/hm.js
INFO: [ app_init ] --START--
INFO: Run Behavior\BuildLiteBehavior [ RunTime:0.000013s ]
INFO: [ app_init ] --END-- [ RunTime:0.000366s ]
ERR: 无法加载模块:Style

[ 2019-01-07T09:53:43+08:00 ] 127.0.0.1 /Style/H/js/lib.js
INFO: [ app_init ] --START--
INFO: Run Behavior\BuildLiteBehavior [ RunTime:0.000013s ]
INFO: [ app_init ] --END-- [ RunTime:0.000295s ]
ERR: 无法加载模块:Style

[ 2019-01-07T09:53:43+08:00 ] 127.0.0.1 /Style/H/js/home.js
INFO: [ app_init ] --START--
INFO: Run Behavior\BuildLiteBehavior [ RunTime:0.000011s ]
INFO: [ app_init ] --END-- [ RunTime:0.000275s ]
ERR: 无法加载模块:Style

[ 2019-01-07T09:53:43+08:00 ] 127.0.0.1 /Style/H/js/nav.js
INFO: [ app_init ] --START--
INFO: Run Behavior\BuildLiteBehavior [ RunTime:0.000012s ]
INFO: [ app_init ] --END-- [ RunTime:0.000335s ]
ERR: 无法加载模块:Style

[ 2019-01-07T09:53:43+08:00 ] 127.0.0.1 /Style/H/js/jquery.num.js
INFO: [ app_init ] --START--
INFO: Run Behavior\BuildLiteBehavior [ RunTime:0.000011s ]
INFO: [ app_init ] --END-- [ RunTime:0.000272s ]
ERR: 无法加载模块:Style

[ 2019-01-07T09:53:43+08:00 ] 127.0.0.1 /Style/H/js/jquery.num1.js
INFO: [ app_init ] --START--
INFO: Run Behavior\BuildLiteBehavior [ RunTime:0.000010s ]
INFO: [ app_init ] --END-- [ RunTime:0.000302s ]
ERR: 无法加载模块:Style

[ 2019-01-07T09:53:43+08:00 ] 127.0.0.1 /Style/H/js/video.js
INFO: [ app_init ] --START--
INFO: Run Behavior\BuildLiteBehavior [ RunTime:0.000010s ]
INFO: [ app_init ] --END-- [ RunTime:0.000265s ]
ERR: 无法加载模块:Style

[ 2019-01-07T15:40:26+08:00 ] 127.0.0.1 /favicon.ico
INFO: [ app_init ] --START--
INFO: Run Behavior\BuildLiteBehavior [ RunTime:0.000012s ]
INFO: [ app_init ] --END-- [ RunTime:0.000287s ]
ERR: 无法加载模块:Favicon

[ 2019-01-07T16:14:55+08:00 ] 127.0.0.1 /favicon.ico
INFO: [ app_init ] --START--
INFO: Run Behavior\BuildLiteBehavior [ RunTime:0.000019s ]
INFO: [ app_init ] --END-- [ RunTime:0.000421s ]
ERR: 无法加载模块:Favicon

[ 2019-01-07T16:20:53+08:00 ] 127.0.0.1 /favicon.ico
INFO: [ app_init ] --START--
INFO: Run Behavior\BuildLiteBehavior [ RunTime:0.000012s ]
INFO: [ app_init ] --END-- [ RunTime:0.000297s ]
ERR: 无法加载模块:Favicon

[ 2019-01-07T16:27:37+08:00 ] 127.0.0.1 /UF/ueditor/upload/image/20181221/1545385196703259.jpg
INFO: [ app_init ] --START--
INFO: Run Behavior\BuildLiteBehavior [ RunTime:0.000012s ]
INFO: [ app_init ] --END-- [ RunTime:0.000306s ]
ERR: 无法加载模块:UF

[ 2019-01-07T16:27:38+08:00 ] 127.0.0.1 /UF/ueditor/upload/image/20181221/1545385214717459.jpg
INFO: [ app_init ] --START--
INFO: Run Behavior\BuildLiteBehavior [ RunTime:0.000016s ]
INFO: [ app_init ] --END-- [ RunTime:0.000351s ]
ERR: 无法加载模块:UF

[ 2019-01-07T17:34:38+08:00 ] 127.0.0.1 /UF/ueditor/upload/image/20181221/1545385196703259.jpg
INFO: [ app_init ] --START--
INFO: Run Behavior\BuildLiteBehavior [ RunTime:0.000012s ]
INFO: [ app_init ] --END-- [ RunTime:0.000304s ]
ERR: 无法加载模块:UF

[ 2019-01-07T17:34:39+08:00 ] 127.0.0.1 /UF/ueditor/upload/image/20181221/1545385214717459.jpg
INFO: [ app_init ] --START--
INFO: Run Behavior\BuildLiteBehavior [ RunTime:0.000012s ]
INFO: [ app_init ] --END-- [ RunTime:0.000357s ]
ERR: 无法加载模块:UF

